2021-01-10 19:39:26.019 - logger - INFO      - Module:main                            Function:check_for_git_folder            Line Number:138      - Check for GIT folder:/Users/waltermarchewka/Desktop/GITLAB/relay test bench_new
2021-01-10 19:39:26.040 - logger - INFO      - Module:main                            Function:check_for_git_folder            Line Number:141      - INIT:b'On branch master\nYour branch is ahead of \'origin/master\' by 1 commit.\n  (use "git push" to publish your local commits)\n\nnothing to commit, working tree clean\n'  ERROR:b''
2021-01-10 19:39:26.041 - logger - INFO      - Module:main                            Function:check_for_git_folder            Line Number:148      - SUCCESS this is a .git repository
2021-01-10 19:39:26.042 - logger - INFO      - Module:main                            Function:check_for_git_folder            Line Number:138      - Check for GIT folder:/Users/waltermarchewka/Desktop/GITLAB/standard test shell
2021-01-10 19:39:26.057 - logger - INFO      - Module:main                            Function:check_for_git_folder            Line Number:141      - INIT:b'On branch master\nnothing to commit, working tree clean\n'  ERROR:b''
2021-01-10 19:39:26.058 - logger - INFO      - Module:main                            Function:check_for_git_folder            Line Number:148      - SUCCESS this is a .git repository
2021-01-10 19:39:26.058 - logger - INFO      - Module:main                            Function:check_for_git_folder            Line Number:138      - Check for GIT folder:/Users/waltermarchewka/Desktop/GITLAB/user.lib
2021-01-10 19:39:26.071 - logger - INFO      - Module:main                            Function:check_for_git_folder            Line Number:141      - INIT:b'On branch master\nYour branch is ahead of \'origin/master\' by 1 commit.\n  (use "git push" to publish your local commits)\n\nnothing to commit, working tree clean\n'  ERROR:b''
2021-01-10 19:39:26.072 - logger - INFO      - Module:main                            Function:check_for_git_folder            Line Number:148      - SUCCESS this is a .git repository
2021-01-10 19:39:26.073 - logger - INFO      - Module:main                            Function:check_for_git_folder            Line Number:138      - Check for GIT folder:/Users/waltermarchewka/Desktop/GITLAB/walt1
2021-01-10 19:39:26.084 - logger - INFO      - Module:main                            Function:check_for_git_folder            Line Number:141      - INIT:b'On branch master\nnothing to commit, working tree clean\n'  ERROR:b''
2021-01-10 19:39:26.085 - logger - INFO      - Module:main                            Function:check_for_git_folder            Line Number:148      - SUCCESS this is a .git repository
2021-01-10 19:39:26.085 - logger - INFO      - Module:main                            Function:check_for_git_folder            Line Number:138      - Check for GIT folder:/Users/waltermarchewka/Desktop/GITLAB/walt2_new
2021-01-10 19:39:26.096 - logger - INFO      - Module:main                            Function:check_for_git_folder            Line Number:141      - INIT:b'On branch master\nnothing to commit, working tree clean\n'  ERROR:b''
2021-01-10 19:39:26.097 - logger - INFO      - Module:main                            Function:check_for_git_folder            Line Number:148      - SUCCESS this is a .git repository
2021-01-10 19:39:26.097 - logger - INFO      - Module:main                            Function:check_for_git_folder            Line Number:138      - Check for GIT folder:/Users/waltermarchewka/Desktop/GITLAB/walt_test
2021-01-10 19:39:26.108 - logger - INFO      - Module:main                            Function:check_for_git_folder            Line Number:141      - INIT:b'On branch master\nnothing to commit, working tree clean\n'  ERROR:b''
2021-01-10 19:39:26.109 - logger - INFO      - Module:main                            Function:check_for_git_folder            Line Number:148      - SUCCESS this is a .git repository
2021-01-10 19:39:26.365 - logger - INFO      - Module:main                            Function:gitlab_list_all_projects        Line Number:277      - Project Name:Learn GitLab   ID:23572225
2021-01-10 19:39:36.639 - logger - INFO      - Module:main                            Function:delete_local_git                Line Number:186      - INIT:b''  ERROR:b"fatal: /Users/waltermarchewka/Desktop/GITLAB/228019: '/Users/waltermarchewka/Desktop/GITLAB/228019' is outside repository\n"
